<?xml version="1.0" encoding="UTF-8"?>
<!-- Generated by org.testng.reporters.JUnitReportReporter -->
<testsuite hostname="macbookpro.lan" failures="0" tests="3" name="fbtestcase.fbregtestcase" time="28.791" errors="0" timestamp="2025-01-06T20:44:26 EST" skipped="0">
  <testcase classname="fbtestcase.fbregtestcase" name="fbregistration" time="10.288"/>
  <system-out/>
  <testcase classname="fbtestcase.fbregtestcase" name="fbregistration" time="9.251"/>
  <system-out/>
  <testcase classname="fbtestcase.fbregtestcase" name="fbregistration" time="9.252"/>
  <system-out/>
</testsuite> <!-- fbtestcase.fbregtestcase -->
