<?xml version="1.0" encoding="UTF-8"?>
<!-- Generated by org.testng.reporters.JUnitReportReporter -->
<testsuite hostname="macbookpro.lan" failures="0" tests="3" name="irctctestcase.irctctestcase" time="44.136" errors="0" timestamp="2025-01-21T19:35:11 EST" skipped="0">
  <testcase classname="irctctestcase.irctctestcase" name="fbregistration" time="10.763"/>
  <system-out/>
  <testcase classname="irctctestcase.irctctestcase" name="fbregistration" time="22.657"/>
  <system-out/>
  <testcase classname="irctctestcase.irctctestcase" name="fbregistration" time="10.716"/>
  <system-out/>
</testsuite> <!-- irctctestcase.irctctestcase -->
