<?xml version="1.0" encoding="UTF-8"?>
<!-- Generated by org.testng.reporters.JUnitReportReporter -->
<testsuite hostname="Karunas-MacBook-Pro.local" failures="0" tests="1" name="wrappers.MainTest" time="11.134" errors="0" timestamp="2025-01-15T22:01:15 EST" skipped="0">
  <testcase classname="wrappers.MainTest" name="Test" time="11.134"/>
  <system-out/>
</testsuite> <!-- wrappers.MainTest -->
